{"meta": {"format": 3, "version": "7.8.2", "timestamp": "2025-09-12T03:33:13.904277", "branch_coverage": true, "show_contexts": false}, "files": {"mcp_devtools/__init__.py": {"executed_lines": [], "summary": {"covered_lines": 0, "num_statements": 0, "percent_covered": 100.0, "percent_covered_display": "100", "missing_lines": 0, "excluded_lines": 0, "num_branches": 0, "num_partial_branches": 0, "covered_branches": 0, "missing_branches": 0}, "missing_lines": [], "excluded_lines": [], "executed_branches": [], "missing_branches": [], "functions": {"": {"executed_lines": [], "summary": {"covered_lines": 0, "num_statements": 0, "percent_covered": 100.0, "percent_covered_display": "100", "missing_lines": 0, "excluded_lines": 0, "num_branches": 0, "num_partial_branches": 0, "covered_branches": 0, "missing_branches": 0}, "missing_lines": [], "excluded_lines": [], "executed_branches": [], "missing_branches": []}}, "classes": {"": {"executed_lines": [], "summary": {"covered_lines": 0, "num_statements": 0, "percent_covered": 100.0, "percent_covered_display": "100", "missing_lines": 0, "excluded_lines": 0, "num_branches": 0, "num_partial_branches": 0, "covered_branches": 0, "missing_branches": 0}, "missing_lines": [], "excluded_lines": [], "executed_branches": [], "missing_branches": []}}}, "mcp_devtools/snapshot_utils.py": {"executed_lines": [1, 3, 4, 5, 6, 7, 9, 12, 14, 17, 19, 20, 21, 24, 35, 37, 38, 39, 40, 42, 59, 62, 70, 71, 74, 75, 76, 81, 82, 87, 88, 90, 91, 92, 115, 116, 119, 124, 125, 126, 127], "summary": {"covered_lines": 40, "num_statements": 77, "percent_covered": 45.36082474226804, "percent_covered_display": "45", "missing_lines": 37, "excluded_lines": 0, "num_branches": 20, "num_partial_branches": 2, "covered_branches": 4, "missing_branches": 16}, "missing_lines": [26, 27, 28, 29, 30, 31, 32, 43, 44, 45, 46, 48, 49, 50, 52, 54, 55, 57, 77, 78, 83, 84, 94, 95, 96, 98, 99, 100, 101, 103, 104, 106, 107, 108, 110, 111, 113], "excluded_lines": [], "executed_branches": [[42, 59], [90, 91], [90, 115], [91, 92]], "missing_branches": [[26, 27], [26, 28], [42, 43], [43, 44], [43, 48], [48, 49], [48, 54], [49, 50], [49, 52], [54, 55], [54, 57], [91, 94], [95, 96], [95, 98], [100, 101], [100, 103]], "functions": {"now_ts": {"executed_lines": [14], "summary": {"covered_lines": 1, "num_statements": 1, "percent_covered": 100.0, "percent_covered_display": "100", "missing_lines": 0, "excluded_lines": 0, "num_branches": 0, "num_partial_branches": 0, "covered_branches": 0, "missing_branches": 0}, "missing_lines": [], "excluded_lines": [], "executed_branches": [], "missing_branches": []}, "ensure_snap_dir": {"executed_lines": [19, 20, 21], "summary": {"covered_lines": 3, "num_statements": 3, "percent_covered": 100.0, "percent_covered_display": "100", "missing_lines": 0, "excluded_lines": 0, "num_branches": 0, "num_partial_branches": 0, "covered_branches": 0, "missing_branches": 0}, "missing_lines": [], "excluded_lines": [], "executed_branches": [], "missing_branches": []}, "looks_binary_bytes": {"executed_lines": [], "summary": {"covered_lines": 0, "num_statements": 7, "percent_covered": 0.0, "percent_covered_display": "0", "missing_lines": 7, "excluded_lines": 0, "num_branches": 2, "num_partial_branches": 0, "covered_branches": 0, "missing_branches": 2}, "missing_lines": [26, 27, 28, 29, 30, 31, 32], "excluded_lines": [], "executed_branches": [], "missing_branches": [[26, 27], [26, 28]]}, "sanitize_binary_markers": {"executed_lines": [37, 38, 39, 40, 42, 59], "summary": {"covered_lines": 6, "num_statements": 17, "percent_covered": 25.925925925925927, "percent_covered_display": "26", "missing_lines": 11, "excluded_lines": 0, "num_branches": 10, "num_partial_branches": 1, "covered_branches": 1, "missing_branches": 9}, "missing_lines": [43, 44, 45, 46, 48, 49, 50, 52, 54, 55, 57], "excluded_lines": [], "executed_branches": [[42, 59]], "missing_branches": [[42, 43], [43, 44], [43, 48], [48, 49], [48, 54], [49, 50], [49, 52], [54, 55], [54, 57]]}, "snapshot_worktree": {"executed_lines": [70, 71, 74, 75, 76, 81, 82, 87, 88, 90, 91, 92, 115, 116], "summary": {"covered_lines": 14, "num_statements": 33, "percent_covered": 41.46341463414634, "percent_covered_display": "41", "missing_lines": 19, "excluded_lines": 0, "num_branches": 8, "num_partial_branches": 1, "covered_branches": 3, "missing_branches": 5}, "missing_lines": [77, 78, 83, 84, 94, 95, 96, 98, 99, 100, 101, 103, 104, 106, 107, 108, 110, 111, 113], "excluded_lines": [], "executed_branches": [[90, 91], [90, 115], [91, 92]], "missing_branches": [[91, 94], [95, 96], [95, 98], [100, 101], [100, 103]]}, "save_snapshot": {"executed_lines": [124, 125, 126, 127], "summary": {"covered_lines": 4, "num_statements": 4, "percent_covered": 100.0, "percent_covered_display": "100", "missing_lines": 0, "excluded_lines": 0, "num_branches": 0, "num_partial_branches": 0, "covered_branches": 0, "missing_branches": 0}, "missing_lines": [], "excluded_lines": [], "executed_branches": [], "missing_branches": []}, "": {"executed_lines": [1, 3, 4, 5, 6, 7, 9, 12, 17, 24, 35, 62, 119], "summary": {"covered_lines": 12, "num_statements": 12, "percent_covered": 100.0, "percent_covered_display": "100", "missing_lines": 0, "excluded_lines": 0, "num_branches": 0, "num_partial_branches": 0, "covered_branches": 0, "missing_branches": 0}, "missing_lines": [], "excluded_lines": [], "executed_branches": [], "missing_branches": []}}, "classes": {"": {"executed_lines": [1, 3, 4, 5, 6, 7, 9, 12, 14, 17, 19, 20, 21, 24, 35, 37, 38, 39, 40, 42, 59, 62, 70, 71, 74, 75, 76, 81, 82, 87, 88, 90, 91, 92, 115, 116, 119, 124, 125, 126, 127], "summary": {"covered_lines": 40, "num_statements": 77, "percent_covered": 45.36082474226804, "percent_covered_display": "45", "missing_lines": 37, "excluded_lines": 0, "num_branches": 20, "num_partial_branches": 2, "covered_branches": 4, "missing_branches": 16}, "missing_lines": [26, 27, 28, 29, 30, 31, 32, 43, 44, 45, 46, 48, 49, 50, 52, 54, 55, 57, 77, 78, 83, 84, 94, 95, 96, 98, 99, 100, 101, 103, 104, 106, 107, 108, 110, 111, 113], "excluded_lines": [], "executed_branches": [[42, 59], [90, 91], [90, 115], [91, 92]], "missing_branches": [[26, 27], [26, 28], [42, 43], [43, 44], [43, 48], [48, 49], [48, 54], [49, 50], [49, 52], [54, 55], [54, 57], [91, 94], [95, 96], [95, 98], [100, 101], [100, 103]]}}}, "server.py": {"executed_lines": [1, 25, 26, 27, 28, 29, 30, 31, 32, 33, 34, 35, 36, 45, 47, 48, 49, 50, 51, 52, 53, 54, 55, 56, 57, 58, 59, 62, 65, 66, 68, 70, 71, 79, 80, 81, 82, 84, 85, 86, 90, 92, 94, 96, 98, 100, 103, 105, 107, 108, 109, 111, 112, 113, 118, 120, 121, 123, 125, 126, 127, 129, 130, 142, 144, 146, 148, 161, 162, 163, 165, 166, 167, 169, 171, 172, 174, 176, 177, 178, 179, 180, 182, 183, 184, 186, 188, 190, 191, 192, 194, 196, 197, 198, 199, 201, 202, 203, 205, 207, 209, 211, 212, 216, 218, 227, 248, 281, 283, 284, 285, 286, 287, 301, 303, 304, 305, 307, 308, 310, 313, 314, 316, 317, 321, 322, 323, 326, 331, 332, 333, 334, 418, 419, 420, 421, 423, 425, 426, 427, 428, 433, 434, 440, 441, 447, 448, 454, 461, 467, 474, 484, 485, 486, 487, 488, 489, 491, 503, 504, 505, 507, 509, 510, 511, 512, 514, 515, 516, 517, 518, 519, 521, 522, 523, 524, 526, 527, 528, 529, 532, 533, 534, 535, 536, 537, 538, 539, 540, 541, 543, 544, 546, 558, 559, 560, 562, 564, 565, 566, 567, 569, 570, 571, 572, 573, 574, 576, 577, 578, 579, 581, 582, 583, 584, 587, 588, 589, 590, 591, 592, 593, 594, 595, 596, 597, 598, 599, 600, 601, 603, 604, 606, 617, 624, 625, 627, 629, 631, 647, 649, 650, 651, 653, 654, 655, 657, 659, 660, 661, 662, 664, 665, 666, 668, 670, 671, 673, 675, 676, 679, 682, 683, 686, 687, 691, 696, 697, 700, 701, 702, 707, 708, 711, 712, 714, 715, 718, 719, 720, 721, 722, 724, 725, 728, 729, 730, 734, 738, 743, 744, 747, 748, 750, 751, 754, 755, 757, 758, 761, 762, 763, 764, 769, 770, 773, 774, 776, 777, 780, 781, 782, 783, 784, 788, 793, 794, 797, 798, 803, 804, 807, 809, 810, 813, 814, 816, 817, 820, 821, 823, 824, 827, 828, 829, 830, 831, 832, 833, 834, 835, 836, 837, 838, 839, 840, 841, 843, 853, 856, 871, 872, 873, 874, 876, 888, 892, 893, 895, 896, 898, 909, 910, 911, 912, 918, 920, 928, 929, 931, 932, 933, 935, 936, 937, 938, 940, 941, 942, 943, 945, 947, 948, 949, 950, 951, 952, 956, 957, 958, 960, 961, 965, 980, 982, 985, 986, 987, 988, 991, 994, 997, 1000, 1006, 1009, 1010, 1013, 1014, 1015, 1017, 1019, 1020, 1021, 1022, 1023, 1024, 1027, 1030, 1031, 1033, 1035, 1049, 1050, 1051, 1054, 1055, 1056, 1058, 1059, 1062, 1064, 1065, 1066, 1067, 1068, 1070, 1071, 1072, 1073, 1075, 1083, 1085, 1086, 1087, 1089, 1090, 1092, 1093, 1094, 1095, 1096, 1098, 1099, 1101, 1113, 1114, 1115, 1116, 1117, 1118, 1119, 1120, 1121, 1123, 1136, 1144, 1147, 1148, 1150, 1161, 1162, 1163, 1164, 1165, 1166, 1169, 1184, 1185, 1188, 1189, 1190, 1192, 1193, 1194, 1195, 1197, 1198, 1199, 1201, 1202, 1204, 1205, 1206, 1208, 1209, 1210, 1212, 1213, 1214, 1216, 1218, 1220, 1221, 1222, 1224, 1236, 1237, 1243, 1245, 1246, 1247, 1248, 1249, 1250, 1251, 1253, 1254, 1255, 1257, 1273, 1275, 1276, 1277, 1279, 1280, 1284, 1293, 1299, 1300, 1301, 1309, 1311, 1312, 1329, 1330, 1331, 1335, 1339, 1341, 1342, 1343, 1344, 1350, 1351, 1352, 1357, 1358, 1359, 1360, 1361, 1362, 1369, 1370, 1371, 1372, 1373, 1374, 1377, 1378, 1381, 1383, 1384, 1390, 1392, 1398, 1401, 1404, 1406, 1408, 1411, 1412, 1413, 1415, 1416, 1417, 1419, 1425, 1426, 1427, 1428, 1429, 1431, 1432, 1433, 1434, 1435, 1436, 1441, 1445, 1446, 1447, 1448, 1449, 1450, 1451, 1452, 1453, 1454, 1457, 1458, 1459, 1461, 1462, 1467, 1469, 1470, 1472, 1474, 1482, 1483, 1484, 1487, 1489, 1495, 1496, 1502, 1503, 1505, 1510, 1511, 1512, 1513, 1517, 1519, 1520, 1522, 1523, 1526, 1527, 1528, 1529, 1534, 1535, 1536, 1539, 1540, 1544, 1545, 1547, 1562, 1563, 1564, 1568, 1570, 1571, 1585, 1586, 1587, 1589, 1593, 1596, 1597, 1599, 1600, 1602, 1608, 1609, 1622, 1631, 1632, 1633, 1634, 1639, 1640, 1643, 1644, 1645, 1646, 1648, 1649, 1658, 1659, 1660, 1663, 1664, 1668, 1669, 1673, 1675, 1765, 1775, 1776, 1777, 1779, 1790, 1791, 1792, 1793, 1794, 1798, 1809, 1811, 1813, 1814, 1822, 1918, 1926, 1927, 1930, 1932, 1933, 1934, 1935, 1936, 1937, 1938, 1939, 1940, 1941, 1942, 1944, 1946, 1947, 1960, 1961, 1962, 1964, 1975, 1979, 1982, 1985, 1996, 2007, 2018, 2029, 2031, 2032, 2033, 2034, 2035, 2036, 2037, 2041, 2042, 2043, 2044, 2045, 2046, 2047, 2048, 2049, 2053, 2054, 2055, 2056, 2060, 2061, 2062, 2063, 2067, 2068, 2069, 2076, 2080, 2081, 2082, 2089, 2093, 2094, 2095, 2096, 2100, 2101, 2102, 2103, 2107, 2108, 2109, 2115, 2116, 2120, 2121, 2125, 2129, 2157, 2167, 2168, 2169, 2173, 2174, 2175, 2176, 2180, 2181, 2182, 2183, 2211, 2212, 2220, 2222, 2224, 2239, 2240, 2241, 2242, 2244, 2253, 2255, 2260, 2262], "summary": {"covered_lines": 783, "num_statements": 1065, "percent_covered": 71.34629229661627, "percent_covered_display": "71", "missing_lines": 282, "excluded_lines": 0, "num_branches": 324, "num_partial_branches": 50, "covered_branches": 208, "missing_branches": 116}, "missing_lines": [114, 115, 116, 131, 133, 134, 135, 136, 137, 138, 139, 140, 220, 221, 222, 223, 224, 225, 229, 231, 237, 238, 239, 241, 242, 243, 244, 245, 246, 250, 252, 253, 255, 261, 263, 264, 266, 268, 269, 270, 271, 272, 274, 275, 276, 277, 278, 279, 289, 290, 291, 292, 293, 294, 295, 296, 297, 298, 299, 311, 318, 319, 335, 338, 339, 340, 347, 353, 354, 355, 356, 357, 360, 361, 362, 363, 364, 366, 368, 369, 371, 373, 374, 375, 378, 379, 381, 384, 385, 386, 387, 390, 394, 395, 399, 400, 401, 402, 405, 408, 410, 412, 413, 414, 422, 424, 455, 462, 468, 889, 890, 930, 939, 944, 946, 953, 954, 963, 992, 1026, 1060, 1145, 1281, 1282, 1285, 1290, 1291, 1302, 1303, 1304, 1305, 1306, 1313, 1314, 1315, 1316, 1317, 1318, 1319, 1320, 1322, 1324, 1325, 1326, 1327, 1332, 1333, 1353, 1354, 1363, 1364, 1375, 1376, 1393, 1394, 1437, 1438, 1439, 1455, 1456, 1497, 1498, 1499, 1500, 1506, 1507, 1514, 1515, 1530, 1531, 1537, 1538, 1548, 1549, 1551, 1552, 1553, 1554, 1555, 1556, 1557, 1558, 1565, 1566, 1572, 1573, 1574, 1575, 1576, 1577, 1578, 1579, 1580, 1581, 1582, 1583, 1590, 1603, 1604, 1605, 1606, 1624, 1626, 1627, 1628, 1635, 1636, 1650, 1651, 1652, 1653, 1654, 1655, 1665, 1666, 1671, 1694, 1696, 1698, 1700, 1701, 1702, 1704, 1705, 1707, 1713, 1714, 1719, 1720, 1725, 1726, 1727, 1729, 1731, 1732, 1733, 1735, 1736, 1737, 1739, 1740, 1741, 1743, 1745, 1746, 1747, 1749, 1759, 1761, 1762, 1763, 1796, 1965, 1980, 1983, 1986, 1997, 2008, 2019, 2130, 2131, 2132, 2133, 2134, 2135, 2143, 2144, 2153, 2158, 2159, 2163, 2187, 2188, 2190, 2192, 2193, 2195, 2197, 2204, 2205, 2264, 2265], "excluded_lines": [], "executed_branches": [[108, 109], [108, 111], [177, 178], [197, 198], [283, -281], [283, 284], [287, 283], [307, 308], [307, 316], [308, 307], [308, 310], [310, 313], [316, -301], [316, 317], [333, 334], [421, 423], [423, 425], [425, 426], [485, 486], [485, 489], [486, 487], [486, 488], [510, 511], [515, 516], [515, 521], [517, 518], [521, 522], [521, 526], [523, 524], [527, 528], [527, 532], [532, 533], [532, 543], [537, 532], [537, 538], [565, 566], [570, 571], [570, 576], [572, 573], [576, 577], [576, 581], [578, 579], [582, 583], [582, 587], [587, 588], [587, 603], [591, 587], [591, 592], [593, 594], [593, 595], [624, 625], [624, 627], [649, 650], [649, 668], [650, 651], [650, 668], [653, 654], [653, 659], [654, 655], [654, 657], [659, 660], [659, 664], [660, 650], [660, 661], [664, 650], [664, 665], [670, 671], [670, 673], [872, 873], [872, 874], [888, 892], [911, 912], [911, 918], [928, 929], [928, 937], [929, 931], [931, 932], [931, 935], [937, 938], [937, 942], [938, 940], [942, 943], [942, 949], [943, 945], [945, 947], [949, 950], [956, 957], [956, 961], [957, 958], [957, 960], [980, 982], [980, 997], [985, 986], [985, 987], [987, 988], [987, 991], [991, 994], [1009, 1010], [1009, 1013], [1013, 1014], [1013, 1017], [1020, 1021], [1020, 1027], [1022, 1023], [1023, 1024], [1030, 1031], [1030, 1033], [1055, 1056], [1055, 1058], [1059, 1062], [1064, 1065], [1064, 1070], [1066, 1067], [1066, 1070], [1085, 1086], [1085, 1092], [1144, 1147], [1162, 1163], [1162, 1166], [1189, 1190], [1189, 1192], [1193, 1194], [1193, 1197], [1208, 1209], [1208, 1212], [1213, 1214], [1213, 1216], [1246, 1247], [1246, 1248], [1248, 1249], [1248, 1250], [1250, 1251], [1250, 1253], [1280, 1284], [1284, 1293], [1299, 1300], [1301, 1309], [1312, 1329], [1330, 1331], [1330, 1335], [1331, 1330], [1341, 1342], [1341, 1350], [1343, 1341], [1343, 1344], [1411, 1412], [1411, 1441], [1417, 1419], [1426, 1427], [1426, 1429], [1496, 1502], [1505, 1510], [1511, 1512], [1511, 1517], [1517, 1519], [1571, 1585], [1586, 1587], [1586, 1589], [1589, 1593], [1599, 1600], [1599, 1602], [1632, 1633], [1643, 1644], [1643, 1658], [1669, 1673], [1793, 1794], [1927, 1930], [1927, 1932], [1935, 1936], [1935, 1942], [1961, 1962], [1961, 1964], [1979, 1982], [1982, 1985], [1985, 1996], [1996, 2007], [2007, 2018], [2018, 2029], [2034, 2035], [2034, 2041], [2041, 2042], [2041, 2053], [2047, 2048], [2047, 2049], [2053, 2054], [2053, 2060], [2060, 2061], [2060, 2067], [2067, 2068], [2067, 2080], [2080, 2081], [2080, 2093], [2093, 2094], [2093, 2100], [2100, 2101], [2100, 2107], [2107, 2108], [2107, 2120], [2120, 2121], [2120, 2129], [2129, 2157], [2157, 2167], [2167, 2168], [2167, 2173], [2173, 2174], [2173, 2180], [2180, 2181], [2262, -1]], "missing_branches": [[134, 135], [134, 138], [177, -174], [197, -194], [242, -227], [242, 243], [252, 253], [252, 255], [263, 264], [263, 266], [268, -248], [268, 269], [275, -248], [275, 276], [287, 289], [295, 283], [295, 296], [310, 311], [333, 335], [354, 355], [354, 360], [355, 354], [355, 356], [360, 361], [360, 366], [361, 362], [361, 366], [362, 361], [362, 363], [371, 373], [371, 394], [373, 374], [373, 378], [378, 379], [378, 381], [384, 385], [384, 386], [386, 387], [386, 390], [394, 395], [394, 399], [399, 400], [399, 405], [401, 402], [401, 405], [421, 422], [423, 424], [425, 427], [510, 514], [517, 521], [523, 526], [565, 569], [572, 576], [578, 581], [888, 889], [929, 930], [938, 939], [943, 944], [945, 946], [949, 963], [991, 992], [1022, 1020], [1023, 1026], [1059, 1060], [1144, 1145], [1280, 1281], [1284, 1285], [1299, 1309], [1301, 1302], [1312, 1313], [1313, 1314], [1313, 1329], [1314, 1315], [1314, 1325], [1315, 1316], [1315, 1324], [1317, 1318], [1317, 1319], [1319, 1320], [1319, 1322], [1325, 1313], [1325, 1326], [1331, 1332], [1417, 1429], [1496, 1497], [1505, 1506], [1517, 1624], [1571, 1572], [1573, 1574], [1573, 1585], [1576, 1573], [1576, 1577], [1589, 1590], [1632, 1639], [1669, 1671], [1725, 1726], [1725, 1743], [1743, 1745], [1743, 1759], [1746, 1747], [1746, 1749], [1793, 1796], [1979, 1980], [1982, 1983], [1985, 1986], [1996, 1997], [2007, 2008], [2018, 2019], [2129, 2130], [2134, 2135], [2134, 2143], [2157, 2158], [2180, 2187], [2193, 2195], [2193, 2197], [2262, 2264]], "functions": {"_devtools_dir": {"executed_lines": [92], "summary": {"covered_lines": 1, "num_statements": 1, "percent_covered": 100.0, "percent_covered_display": "100", "missing_lines": 0, "excluded_lines": 0, "num_branches": 0, "num_partial_branches": 0, "covered_branches": 0, "missing_branches": 0}, "missing_lines": [], "excluded_lines": [], "executed_branches": [], "missing_branches": []}, "_sessions_file": {"executed_lines": [96], "summary": {"covered_lines": 1, "num_statements": 1, "percent_covered": 100.0, "percent_covered_display": "100", "missing_lines": 0, "excluded_lines": 0, "num_branches": 0, "num_partial_branches": 0, "covered_branches": 0, "missing_branches": 0}, "missing_lines": [], "excluded_lines": [], "executed_branches": [], "missing_branches": []}, "_workspaces_dir": {"executed_lines": [100], "summary": {"covered_lines": 1, "num_statements": 1, "percent_covered": 100.0, "percent_covered_display": "100", "missing_lines": 0, "excluded_lines": 0, "num_branches": 0, "num_partial_branches": 0, "covered_branches": 0, "missing_branches": 0}, "missing_lines": [], "excluded_lines": [], "executed_branches": [], "missing_branches": []}, "_load_sessions": {"executed_lines": [107, 108, 109, 111, 112, 113], "summary": {"covered_lines": 6, "num_statements": 9, "percent_covered": 72.72727272727273, "percent_covered_display": "73", "missing_lines": 3, "excluded_lines": 0, "num_branches": 2, "num_partial_branches": 0, "covered_branches": 2, "missing_branches": 0}, "missing_lines": [114, 115, 116], "excluded_lines": [], "executed_branches": [[108, 109], [108, 111]], "missing_branches": []}, "_save_sessions": {"executed_lines": [120, 121, 123, 125, 126, 127, 129, 130], "summary": {"covered_lines": 8, "num_statements": 17, "percent_covered": 42.10526315789474, "percent_covered_display": "42", "missing_lines": 9, "excluded_lines": 0, "num_branches": 2, "num_partial_branches": 0, "covered_branches": 0, "missing_branches": 2}, "missing_lines": [131, 133, 134, 135, 136, 137, 138, 139, 140], "excluded_lines": [], "executed_branches": [], "missing_branches": [[134, 135], [134, 138]]}, "_generate_session_id": {"executed_lines": [144], "summary": {"covered_lines": 1, "num_statements": 1, "percent_covered": 100.0, "percent_covered_display": "100", "missing_lines": 0, "excluded_lines": 0, "num_branches": 0, "num_partial_branches": 0, "covered_branches": 0, "missing_branches": 0}, "missing_lines": [], "excluded_lines": [], "executed_branches": [], "missing_branches": []}, "_record_session_start": {"executed_lines": [148, 161, 162, 163], "summary": {"covered_lines": 4, "num_statements": 4, "percent_covered": 100.0, "percent_covered_display": "100", "missing_lines": 0, "excluded_lines": 0, "num_branches": 0, "num_partial_branches": 0, "covered_branches": 0, "missing_branches": 0}, "missing_lines": [], "excluded_lines": [], "executed_branches": [], "missing_branches": []}, "_record_session_start_async": {"executed_lines": [166, 167], "summary": {"covered_lines": 2, "num_statements": 2, "percent_covered": 100.0, "percent_covered_display": "100", "missing_lines": 0, "excluded_lines": 0, "num_branches": 0, "num_partial_branches": 0, "covered_branches": 0, "missing_branches": 0}, "missing_lines": [], "excluded_lines": [], "executed_branches": [], "missing_branches": []}, "_load_sessions_async": {"executed_lines": [171, 172], "summary": {"covered_lines": 2, "num_statements": 2, "percent_covered": 100.0, "percent_covered_display": "100", "missing_lines": 0, "excluded_lines": 0, "num_branches": 0, "num_partial_branches": 0, "covered_branches": 0, "missing_branches": 0}, "missing_lines": [], "excluded_lines": [], "executed_branches": [], "missing_branches": []}, "_record_session_update": {"executed_lines": [176, 177, 178, 179, 180], "summary": {"covered_lines": 5, "num_statements": 5, "percent_covered": 85.71428571428571, "percent_covered_display": "86", "missing_lines": 0, "excluded_lines": 0, "num_branches": 2, "num_partial_branches": 1, "covered_branches": 1, "missing_branches": 1}, "missing_lines": [], "excluded_lines": [], "executed_branches": [[177, 178]], "missing_branches": [[177, -174]]}, "_record_session_update_async": {"executed_lines": [183, 184], "summary": {"covered_lines": 2, "num_statements": 2, "percent_covered": 100.0, "percent_covered_display": "100", "missing_lines": 0, "excluded_lines": 0, "num_branches": 0, "num_partial_branches": 0, "covered_branches": 0, "missing_branches": 0}, "missing_lines": [], "excluded_lines": [], "executed_branches": [], "missing_branches": []}, "_record_session_complete": {"executed_lines": [188], "summary": {"covered_lines": 1, "num_statements": 1, "percent_covered": 100.0, "percent_covered_display": "100", "missing_lines": 0, "excluded_lines": 0, "num_branches": 0, "num_partial_branches": 0, "covered_branches": 0, "missing_branches": 0}, "missing_lines": [], "excluded_lines": [], "executed_branches": [], "missing_branches": []}, "_record_session_complete_async": {"executed_lines": [191, 192], "summary": {"covered_lines": 2, "num_statements": 2, "percent_covered": 100.0, "percent_covered_display": "100", "missing_lines": 0, "excluded_lines": 0, "num_branches": 0, "num_partial_branches": 0, "covered_branches": 0, "missing_branches": 0}, "missing_lines": [], "excluded_lines": [], "executed_branches": [], "missing_branches": []}, "_delete_session_record": {"executed_lines": [196, 197, 198, 199], "summary": {"covered_lines": 4, "num_statements": 4, "percent_covered": 83.33333333333333, "percent_covered_display": "83", "missing_lines": 0, "excluded_lines": 0, "num_branches": 2, "num_partial_branches": 1, "covered_branches": 1, "missing_branches": 1}, "missing_lines": [], "excluded_lines": [], "executed_branches": [[197, 198]], "missing_branches": [[197, -194]]}, "_delete_session_record_async": {"executed_lines": [202, 203], "summary": {"covered_lines": 2, "num_statements": 2, "percent_covered": 100.0, "percent_covered_display": "100", "missing_lines": 0, "excluded_lines": 0, "num_branches": 0, "num_partial_branches": 0, "covered_branches": 0, "missing_branches": 0}, "missing_lines": [], "excluded_lines": [], "executed_branches": [], "missing_branches": []}, "_get_ttl_seconds": {"executed_lines": [207], "summary": {"covered_lines": 1, "num_statements": 1, "percent_covered": 100.0, "percent_covered_display": "100", "missing_lines": 0, "excluded_lines": 0, "num_branches": 0, "num_partial_branches": 0, "covered_branches": 0, "missing_branches": 0}, "missing_lines": [], "excluded_lines": [], "executed_branches": [], "missing_branches": []}, "_is_session_expired": {"executed_lines": [211, 212, 216], "summary": {"covered_lines": 3, "num_statements": 3, "percent_covered": 100.0, "percent_covered_display": "100", "missing_lines": 0, "excluded_lines": 0, "num_branches": 0, "num_partial_branches": 0, "covered_branches": 0, "missing_branches": 0}, "missing_lines": [], "excluded_lines": [], "executed_branches": [], "missing_branches": []}, "_git_status_clean": {"executed_lines": [], "summary": {"covered_lines": 0, "num_statements": 6, "percent_covered": 0.0, "percent_covered_display": "0", "missing_lines": 6, "excluded_lines": 0, "num_branches": 0, "num_partial_branches": 0, "covered_branches": 0, "missing_branches": 0}, "missing_lines": [220, 221, 222, 223, 224, 225], "excluded_lines": [], "executed_branches": [], "missing_branches": []}, "_purge_worktree": {"executed_lines": [], "summary": {"covered_lines": 0, "num_statements": 11, "percent_covered": 0.0, "percent_covered_display": "0", "missing_lines": 11, "excluded_lines": 0, "num_branches": 2, "num_partial_branches": 0, "covered_branches": 0, "missing_branches": 2}, "missing_lines": [229, 231, 237, 238, 239, 241, 242, 243, 244, 245, 246], "excluded_lines": [], "executed_branches": [], "missing_branches": [[242, -227], [242, 243]]}, "_purge_worktree_async": {"executed_lines": [], "summary": {"covered_lines": 0, "num_statements": 19, "percent_covered": 0.0, "percent_covered_display": "0", "missing_lines": 19, "excluded_lines": 0, "num_branches": 8, "num_partial_branches": 0, "covered_branches": 0, "missing_branches": 8}, "missing_lines": [250, 252, 253, 255, 261, 263, 264, 266, 268, 269, 270, 271, 272, 274, 275, 276, 277, 278, 279], "excluded_lines": [], "executed_branches": [], "missing_branches": [[252, 253], [252, 255], [263, 264], [263, 266], [268, -248], [268, 269], [275, -248], [275, 276]]}, "_apply_workspace_changes_to_root": {"executed_lines": [283, 284, 285, 286, 287], "summary": {"covered_lines": 5, "num_statements": 16, "percent_covered": 36.36363636363637, "percent_covered_display": "36", "missing_lines": 11, "excluded_lines": 0, "num_branches": 6, "num_partial_branches": 1, "covered_branches": 3, "missing_branches": 3}, "missing_lines": [289, 290, 291, 292, 293, 294, 295, 296, 297, 298, 299], "excluded_lines": [], "executed_branches": [[283, -281], [283, 284], [287, 283]], "missing_branches": [[287, 289], [295, 283], [295, 296]]}, "cleanup_expired_sessions": {"executed_lines": [303, 304, 305, 307, 308, 310, 313, 314, 316, 317], "summary": {"covered_lines": 10, "num_statements": 13, "percent_covered": 80.95238095238095, "percent_covered_display": "81", "missing_lines": 3, "excluded_lines": 0, "num_branches": 8, "num_partial_branches": 1, "covered_branches": 7, "missing_branches": 1}, "missing_lines": [311, 318, 319], "excluded_lines": [], "executed_branches": [[307, 308], [307, 316], [308, 307], [308, 310], [310, 313], [316, -301], [316, 317]], "missing_branches": [[310, 311]]}, "cleanup_expired_sessions_async": {"executed_lines": [322, 323], "summary": {"covered_lines": 2, "num_statements": 2, "percent_covered": 100.0, "percent_covered_display": "100", "missing_lines": 0, "excluded_lines": 0, "num_branches": 0, "num_partial_branches": 0, "covered_branches": 0, "missing_branches": 0}, "missing_lines": [], "excluded_lines": [], "executed_branches": [], "missing_branches": []}, "_get_last_aider_reply": {"executed_lines": [331, 332, 333, 334], "summary": {"covered_lines": 4, "num_statements": 46, "percent_covered": 6.756756756756757, "percent_covered_display": "7", "missing_lines": 42, "excluded_lines": 0, "num_branches": 28, "num_partial_branches": 1, "covered_branches": 1, "missing_branches": 27}, "missing_lines": [335, 338, 339, 340, 347, 353, 354, 355, 356, 357, 360, 361, 362, 363, 364, 366, 368, 369, 371, 373, 374, 375, 378, 379, 381, 384, 385, 386, 387, 390, 394, 395, 399, 400, 401, 402, 405, 408, 410, 412, 413, 414], "excluded_lines": [], "executed_branches": [[333, 334]], "missing_branches": [[333, 335], [354, 355], [354, 360], [355, 354], [355, 356], [360, 361], [360, 366], [361, 362], [361, 366], [362, 361], [362, 363], [371, 373], [371, 394], [373, 374], [373, 378], [378, 379], [378, 381], [384, 385], [384, 386], [386, 387], [386, 390], [394, 395], [394, 399], [399, 400], [399, 405], [401, 402], [401, 405]]}, "ai_hint_git_apply_diff_error": {"executed_lines": [419, 420, 421, 423, 425, 426, 427, 428], "summary": {"covered_lines": 8, "num_statements": 10, "percent_covered": 68.75, "percent_covered_display": "69", "missing_lines": 2, "excluded_lines": 0, "num_branches": 6, "num_partial_branches": 3, "covered_branches": 3, "missing_branches": 3}, "missing_lines": [422, 424], "excluded_lines": [], "executed_branches": [[421, 423], [423, 425], [425, 426]], "missing_branches": [[421, 422], [423, 424], [425, 427]]}, "ai_hint_read_file_error": {"executed_lines": [434], "summary": {"covered_lines": 1, "num_statements": 1, "percent_covered": 100.0, "percent_covered_display": "100", "missing_lines": 0, "excluded_lines": 0, "num_branches": 0, "num_partial_branches": 0, "covered_branches": 0, "missing_branches": 0}, "missing_lines": [], "excluded_lines": [], "executed_branches": [], "missing_branches": []}, "ai_hint_write_error": {"executed_lines": [441], "summary": {"covered_lines": 1, "num_statements": 1, "percent_covered": 100.0, "percent_covered_display": "100", "missing_lines": 0, "excluded_lines": 0, "num_branches": 0, "num_partial_branches": 0, "covered_branches": 0, "missing_branches": 0}, "missing_lines": [], "excluded_lines": [], "executed_branches": [], "missing_branches": []}, "ai_hint_exec_error": {"executed_lines": [448], "summary": {"covered_lines": 1, "num_statements": 1, "percent_covered": 100.0, "percent_covered_display": "100", "missing_lines": 0, "excluded_lines": 0, "num_branches": 0, "num_partial_branches": 0, "covered_branches": 0, "missing_branches": 0}, "missing_lines": [], "excluded_lines": [], "executed_branches": [], "missing_branches": []}, "ai_hint_ai_edit_unexpected": {"executed_lines": [], "summary": {"covered_lines": 0, "num_statements": 1, "percent_covered": 0.0, "percent_covered_display": "0", "missing_lines": 1, "excluded_lines": 0, "num_branches": 0, "num_partial_branches": 0, "covered_branches": 0, "missing_branches": 0}, "missing_lines": [455], "excluded_lines": [], "executed_branches": [], "missing_branches": []}, "ai_hint_aider_status_error": {"executed_lines": [], "summary": {"covered_lines": 0, "num_statements": 1, "percent_covered": 0.0, "percent_covered_display": "0", "missing_lines": 1, "excluded_lines": 0, "num_branches": 0, "num_partial_branches": 0, "covered_branches": 0, "missing_branches": 0}, "missing_lines": [462], "excluded_lines": [], "executed_branches": [], "missing_branches": []}, "ai_hint_unexpected_call_tool": {"executed_lines": [], "summary": {"covered_lines": 0, "num_statements": 1, "percent_covered": 0.0, "percent_covered_display": "0", "missing_lines": 1, "excluded_lines": 0, "num_branches": 0, "num_partial_branches": 0, "covered_branches": 0, "missing_branches": 0}, "missing_lines": [468], "excluded_lines": [], "executed_branches": [], "missing_branches": []}, "find_git_root": {"executed_lines": [484, 485, 486, 487, 488, 489], "summary": {"covered_lines": 6, "num_statements": 6, "percent_covered": 100.0, "percent_covered_display": "100", "missing_lines": 0, "excluded_lines": 0, "num_branches": 4, "num_partial_branches": 0, "covered_branches": 4, "missing_branches": 0}, "missing_lines": [], "excluded_lines": [], "executed_branches": [[485, 486], [485, 489], [486, 487], [486, 488]], "missing_branches": []}, "load_aider_config": {"executed_lines": [503, 504, 505, 507, 509, 510, 511, 512, 514, 515, 516, 517, 518, 519, 521, 522, 523, 524, 526, 527, 528, 529, 532, 533, 534, 535, 536, 537, 538, 539, 540, 541, 543, 544], "summary": {"covered_lines": 34, "num_statements": 34, "percent_covered": 94.0, "percent_covered_display": "94", "missing_lines": 0, "excluded_lines": 0, "num_branches": 16, "num_partial_branches": 3, "covered_branches": 13, "missing_branches": 3}, "missing_lines": [], "excluded_lines": [], "executed_branches": [[510, 511], [515, 516], [515, 521], [517, 518], [521, 522], [521, 526], [523, 524], [527, 528], [527, 532], [532, 533], [532, 543], [537, 532], [537, 538]], "missing_branches": [[510, 514], [517, 521], [523, 526]]}, "load_dotenv_file": {"executed_lines": [558, 559, 560, 562, 564, 565, 566, 567, 569, 570, 571, 572, 573, 574, 576, 577, 578, 579, 581, 582, 583, 584, 587, 588, 589, 590, 591, 592, 593, 594, 595, 596, 597, 598, 599, 600, 601, 603, 604], "summary": {"covered_lines": 39, "num_statements": 39, "percent_covered": 94.73684210526316, "percent_covered_display": "95", "missing_lines": 0, "excluded_lines": 0, "num_branches": 18, "num_partial_branches": 3, "covered_branches": 15, "missing_branches": 3}, "missing_lines": [], "excluded_lines": [], "executed_branches": [[565, 566], [570, 571], [570, 576], [572, 573], [576, 577], [576, 581], [578, 579], [582, 583], [582, 587], [587, 588], [587, 603], [591, 587], [591, 592], [593, 594], [593, 595]], "missing_branches": [[565, 569], [572, 576], [578, 581]]}, "run_command": {"executed_lines": [617, 624, 625, 627, 629], "summary": {"covered_lines": 5, "num_statements": 5, "percent_covered": 100.0, "percent_covered_display": "100", "missing_lines": 0, "excluded_lines": 0, "num_branches": 2, "num_partial_branches": 0, "covered_branches": 2, "missing_branches": 0}, "missing_lines": [], "excluded_lines": [], "executed_branches": [[624, 625], [624, 627]], "missing_branches": []}, "prepare_aider_command": {"executed_lines": [647, 649, 650, 651, 653, 654, 655, 657, 659, 660, 661, 662, 664, 665, 666, 668, 670, 671, 673], "summary": {"covered_lines": 19, "num_statements": 19, "percent_covered": 100.0, "percent_covered_display": "100", "missing_lines": 0, "excluded_lines": 0, "num_branches": 16, "num_partial_branches": 0, "covered_branches": 16, "missing_branches": 0}, "missing_lines": [], "excluded_lines": [], "executed_branches": [[649, 650], [649, 668], [650, 651], [650, 668], [653, 654], [653, 659], [654, 655], [654, 657], [659, 660], [659, 664], [660, 650], [660, 661], [664, 650], [664, 665], [670, 671], [670, 673]], "missing_branches": []}, "git_status": {"executed_lines": [853], "summary": {"covered_lines": 1, "num_statements": 1, "percent_covered": 100.0, "percent_covered_display": "100", "missing_lines": 0, "excluded_lines": 0, "num_branches": 0, "num_partial_branches": 0, "covered_branches": 0, "missing_branches": 0}, "missing_lines": [], "excluded_lines": [], "executed_branches": [], "missing_branches": []}, "git_diff": {"executed_lines": [871, 872, 873, 874], "summary": {"covered_lines": 4, "num_statements": 4, "percent_covered": 100.0, "percent_covered_display": "100", "missing_lines": 0, "excluded_lines": 0, "num_branches": 2, "num_partial_branches": 0, "covered_branches": 2, "missing_branches": 0}, "missing_lines": [], "excluded_lines": [], "executed_branches": [[872, 873], [872, 874]], "missing_branches": []}, "git_stage_and_commit": {"executed_lines": [888, 892, 893, 895, 896], "summary": {"covered_lines": 5, "num_statements": 7, "percent_covered": 66.66666666666667, "percent_covered_display": "67", "missing_lines": 2, "excluded_lines": 0, "num_branches": 2, "num_partial_branches": 1, "covered_branches": 1, "missing_branches": 1}, "missing_lines": [889, 890], "excluded_lines": [], "executed_branches": [[888, 892]], "missing_branches": [[888, 889]]}, "git_log": {"executed_lines": [909, 910, 911, 912, 918], "summary": {"covered_lines": 5, "num_statements": 5, "percent_covered": 100.0, "percent_covered_display": "100", "missing_lines": 0, "excluded_lines": 0, "num_branches": 2, "num_partial_branches": 0, "covered_branches": 2, "missing_branches": 0}, "missing_lines": [], "excluded_lines": [], "executed_branches": [[911, 912], [911, 918]], "missing_branches": []}, "git_branch": {"executed_lines": [928, 929, 931, 932, 933, 935, 936, 937, 938, 940, 941, 942, 943, 945, 947, 948, 949, 950, 951, 952, 956, 957, 958, 960, 961], "summary": {"covered_lines": 25, "num_statements": 32, "percent_covered": 77.77777777777777, "percent_covered_display": "78", "missing_lines": 7, "excluded_lines": 0, "num_branches": 22, "num_partial_branches": 5, "covered_branches": 17, "missing_branches": 5}, "missing_lines": [930, 939, 944, 946, 953, 954, 963], "excluded_lines": [], "executed_branches": [[928, 929], [928, 937], [929, 931], [931, 932], [931, 935], [937, 938], [937, 942], [938, 940], [942, 943], [942, 949], [943, 945], [945, 947], [949, 950], [956, 957], [956, 961], [957, 958], [957, 960]], "missing_branches": [[929, 930], [938, 939], [943, 944], [945, 946], [949, 963]]}, "git_show": {"executed_lines": [980, 982, 985, 986, 987, 988, 991, 994, 997, 1000, 1006, 1009, 1010, 1013, 1014, 1015, 1017, 1019, 1020, 1021, 1022, 1023, 1024, 1027, 1030, 1031, 1033], "summary": {"covered_lines": 27, "num_statements": 29, "percent_covered": 89.79591836734694, "percent_covered_display": "90", "missing_lines": 2, "excluded_lines": 0, "num_branches": 20, "num_partial_branches": 3, "covered_branches": 17, "missing_branches": 3}, "missing_lines": [992, 1026], "excluded_lines": [], "executed_branches": [[980, 982], [980, 997], [985, 986], [985, 987], [987, 988], [987, 991], [991, 994], [1009, 1010], [1009, 1013], [1013, 1014], [1013, 1017], [1020, 1021], [1020, 1027], [1022, 1023], [1023, 1024], [1030, 1031], [1030, 1033]], "missing_branches": [[991, 992], [1022, 1020], [1023, 1026]]}, "git_apply_diff": {"executed_lines": [1049, 1050, 1051, 1054, 1055, 1056, 1058, 1059, 1062, 1064, 1065, 1066, 1067, 1068, 1070, 1071, 1072, 1073, 1075, 1083, 1085, 1086, 1087, 1089, 1090, 1092, 1093, 1094, 1095, 1096, 1098, 1099], "summary": {"covered_lines": 32, "num_statements": 33, "percent_covered": 95.34883720930233, "percent_covered_display": "95", "missing_lines": 1, "excluded_lines": 0, "num_branches": 10, "num_partial_branches": 1, "covered_branches": 9, "missing_branches": 1}, "missing_lines": [1060], "excluded_lines": [], "executed_branches": [[1055, 1056], [1055, 1058], [1059, 1062], [1064, 1065], [1064, 1070], [1066, 1067], [1066, 1070], [1085, 1086], [1085, 1092]], "missing_branches": [[1059, 1060]]}, "read_file_content": {"executed_lines": [1113, 1114, 1115, 1116, 1117, 1118, 1119, 1120, 1121], "summary": {"covered_lines": 9, "num_statements": 9, "percent_covered": 100.0, "percent_covered_display": "100", "missing_lines": 0, "excluded_lines": 0, "num_branches": 0, "num_partial_branches": 0, "covered_branches": 0, "missing_branches": 0}, "missing_lines": [], "excluded_lines": [], "executed_branches": [], "missing_branches": []}, "_generate_diff_output": {"executed_lines": [1136, 1144, 1147, 1148], "summary": {"covered_lines": 4, "num_statements": 5, "percent_covered": 71.42857142857143, "percent_covered_display": "71", "missing_lines": 1, "excluded_lines": 0, "num_branches": 2, "num_partial_branches": 1, "covered_branches": 1, "missing_branches": 1}, "missing_lines": [1145], "excluded_lines": [], "executed_branches": [[1144, 1147]], "missing_branches": [[1144, 1145]]}, "_run_tsc_if_applicable": {"executed_lines": [1161, 1162, 1163, 1164, 1165, 1166], "summary": {"covered_lines": 6, "num_statements": 6, "percent_covered": 100.0, "percent_covered_display": "100", "missing_lines": 0, "excluded_lines": 0, "num_branches": 2, "num_partial_branches": 0, "covered_branches": 2, "missing_branches": 0}, "missing_lines": [], "excluded_lines": [], "executed_branches": [[1162, 1163], [1162, 1166]], "missing_branches": []}, "write_to_file_content": {"executed_lines": [1184, 1185, 1188, 1189, 1190, 1192, 1193, 1194, 1195, 1197, 1198, 1199, 1201, 1202, 1204, 1205, 1206, 1208, 1209, 1210, 1212, 1213, 1214, 1216, 1218, 1220, 1221, 1222], "summary": {"covered_lines": 28, "num_statements": 28, "percent_covered": 100.0, "percent_covered_display": "100", "missing_lines": 0, "excluded_lines": 0, "num_branches": 8, "num_partial_branches": 0, "covered_branches": 8, "missing_branches": 0}, "missing_lines": [], "excluded_lines": [], "executed_branches": [[1189, 1190], [1189, 1192], [1193, 1194], [1193, 1197], [1208, 1209], [1208, 1212], [1213, 1214], [1213, 1216]], "missing_branches": []}, "execute_custom_command": {"executed_lines": [1236, 1237, 1243, 1245, 1246, 1247, 1248, 1249, 1250, 1251, 1253, 1254, 1255], "summary": {"covered_lines": 13, "num_statements": 13, "percent_covered": 100.0, "percent_covered_display": "100", "missing_lines": 0, "excluded_lines": 0, "num_branches": 6, "num_partial_branches": 0, "covered_branches": 6, "missing_branches": 0}, "missing_lines": [], "excluded_lines": [], "executed_branches": [[1246, 1247], [1246, 1248], [1248, 1249], [1248, 1250], [1250, 1251], [1250, 1253]], "missing_branches": []}, "ai_edit": {"executed_lines": [1273, 1275, 1276, 1277, 1279, 1280, 1284, 1293, 1299, 1300, 1301, 1309, 1311, 1312, 1329, 1330, 1331, 1335, 1339, 1341, 1342, 1343, 1344, 1350, 1351, 1352, 1357, 1358, 1359, 1360, 1361, 1362, 1369, 1370, 1371, 1372, 1373, 1374, 1377, 1378, 1381, 1383, 1384, 1390, 1392, 1398, 1401, 1404, 1406, 1408, 1411, 1412, 1413, 1415, 1416, 1417, 1419, 1425, 1426, 1427, 1428, 1429, 1431, 1432, 1433, 1434, 1435, 1436, 1441, 1445, 1446, 1447, 1448, 1449, 1450, 1451, 1452, 1453, 1454, 1457, 1458, 1459, 1461, 1462, 1467, 1469, 1470, 1472, 1474, 1482, 1483, 1484, 1487, 1489, 1495, 1496, 1502, 1503, 1505, 1510, 1511, 1512, 1513, 1517, 1519, 1520, 1522, 1523, 1526, 1527, 1528, 1529, 1534, 1535, 1536, 1539, 1540, 1544, 1545, 1547, 1562, 1563, 1564, 1568, 1570, 1571, 1585, 1586, 1587, 1589, 1593, 1596, 1597, 1599, 1600, 1602, 1608, 1609, 1622, 1631, 1632, 1633, 1634, 1639, 1640, 1643, 1644, 1645, 1646, 1648, 1649, 1658, 1659, 1660, 1663, 1664, 1668, 1669, 1673], "summary": {"covered_lines": 159, "num_statements": 253, "percent_covered": 60.63492063492063, "percent_covered_display": "61", "missing_lines": 94, "excluded_lines": 0, "num_branches": 62, "num_partial_branches": 14, "covered_branches": 32, "missing_branches": 30}, "missing_lines": [1281, 1282, 1285, 1290, 1291, 1302, 1303, 1304, 1305, 1306, 1313, 1314, 1315, 1316, 1317, 1318, 1319, 1320, 1322, 1324, 1325, 1326, 1327, 1332, 1333, 1353, 1354, 1363, 1364, 1375, 1376, 1393, 1394, 1437, 1438, 1439, 1455, 1456, 1497, 1498, 1499, 1500, 1506, 1507, 1514, 1515, 1530, 1531, 1537, 1538, 1548, 1549, 1551, 1552, 1553, 1554, 1555, 1556, 1557, 1558, 1565, 1566, 1572, 1573, 1574, 1575, 1576, 1577, 1578, 1579, 1580, 1581, 1582, 1583, 1590, 1603, 1604, 1605, 1606, 1624, 1626, 1627, 1628, 1635, 1636, 1650, 1651, 1652, 1653, 1654, 1655, 1665, 1666, 1671], "excluded_lines": [], "executed_branches": [[1280, 1284], [1284, 1293], [1299, 1300], [1301, 1309], [1312, 1329], [1330, 1331], [1330, 1335], [1331, 1330], [1341, 1342], [1341, 1350], [1343, 1341], [1343, 1344], [1411, 1412], [1411, 1441], [1417, 1419], [1426, 1427], [1426, 1429], [1496, 1502], [1505, 1510], [1511, 1512], [1511, 1517], [1517, 1519], [1571, 1585], [1586, 1587], [1586, 1589], [1589, 1593], [1599, 1600], [1599, 1602], [1632, 1633], [1643, 1644], [1643, 1658], [1669, 1673]], "missing_branches": [[1280, 1281], [1284, 1285], [1299, 1309], [1301, 1302], [1312, 1313], [1313, 1314], [1313, 1329], [1314, 1315], [1314, 1325], [1315, 1316], [1315, 1324], [1317, 1318], [1317, 1319], [1319, 1320], [1319, 1322], [1325, 1313], [1325, 1326], [1331, 1332], [1417, 1429], [1496, 1497], [1505, 1506], [1517, 1624], [1571, 1572], [1573, 1574], [1573, 1585], [1576, 1573], [1576, 1577], [1589, 1590], [1632, 1639], [1669, 1671]]}, "get_aider_status": {"executed_lines": [], "summary": {"covered_lines": 0, "num_statements": 35, "percent_covered": 0.0, "percent_covered_display": "0", "missing_lines": 35, "excluded_lines": 0, "num_branches": 6, "num_partial_branches": 0, "covered_branches": 0, "missing_branches": 6}, "missing_lines": [1694, 1696, 1698, 1700, 1701, 1702, 1704, 1705, 1707, 1713, 1714, 1719, 1720, 1725, 1726, 1727, 1729, 1731, 1732, 1733, 1735, 1736, 1737, 1739, 1740, 1741, 1743, 1745, 1746, 1747, 1749, 1759, 1761, 1762, 1763], "excluded_lines": [], "executed_branches": [], "missing_branches": [[1725, 1726], [1725, 1743], [1743, 1745], [1743, 1759], [1746, 1747], [1746, 1749]]}, "ai_session_list": {"executed_lines": [1775, 1776, 1777], "summary": {"covered_lines": 3, "num_statements": 3, "percent_covered": 100.0, "percent_covered_display": "100", "missing_lines": 0, "excluded_lines": 0, "num_branches": 0, "num_partial_branches": 0, "covered_branches": 0, "missing_branches": 0}, "missing_lines": [], "excluded_lines": [], "executed_branches": [], "missing_branches": []}, "ai_session_status": {"executed_lines": [1790, 1791, 1792, 1793, 1794], "summary": {"covered_lines": 5, "num_statements": 6, "percent_covered": 75.0, "percent_covered_display": "75", "missing_lines": 1, "excluded_lines": 0, "num_branches": 2, "num_partial_branches": 1, "covered_branches": 1, "missing_branches": 1}, "missing_lines": [1796], "excluded_lines": [], "executed_branches": [[1793, 1794]], "missing_branches": [[1793, 1796]]}, "ai_session_resume": {"executed_lines": [1809], "summary": {"covered_lines": 1, "num_statements": 1, "percent_covered": 100.0, "percent_covered_display": "100", "missing_lines": 0, "excluded_lines": 0, "num_branches": 0, "num_partial_branches": 0, "covered_branches": 0, "missing_branches": 0}, "missing_lines": [], "excluded_lines": [], "executed_branches": [], "missing_branches": []}, "list_tools": {"executed_lines": [1822], "summary": {"covered_lines": 1, "num_statements": 1, "percent_covered": 100.0, "percent_covered_display": "100", "missing_lines": 0, "excluded_lines": 0, "num_branches": 0, "num_partial_branches": 0, "covered_branches": 0, "missing_branches": 0}, "missing_lines": [], "excluded_lines": [], "executed_branches": [], "missing_branches": []}, "list_repos": {"executed_lines": [1926, 1944], "summary": {"covered_lines": 2, "num_statements": 2, "percent_covered": 100.0, "percent_covered_display": "100", "missing_lines": 0, "excluded_lines": 0, "num_branches": 0, "num_partial_branches": 0, "covered_branches": 0, "missing_branches": 0}, "missing_lines": [], "excluded_lines": [], "executed_branches": [], "missing_branches": []}, "list_repos.by_roots": {"executed_lines": [1927, 1930, 1932, 1933, 1934, 1935, 1936, 1937, 1938, 1939, 1940, 1941, 1942], "summary": {"covered_lines": 13, "num_statements": 13, "percent_covered": 100.0, "percent_covered_display": "100", "missing_lines": 0, "excluded_lines": 0, "num_branches": 4, "num_partial_branches": 0, "covered_branches": 4, "missing_branches": 0}, "missing_lines": [], "excluded_lines": [], "executed_branches": [[1927, 1930], [1927, 1932], [1935, 1936], [1935, 1942]], "missing_branches": []}, "call_tool": {"executed_lines": [1960, 1961, 1962, 1964, 1975, 1979, 1982, 1985, 1996, 2007, 2018, 2029, 2031, 2032, 2033, 2034, 2035, 2036, 2037, 2041, 2042, 2043, 2044, 2045, 2046, 2047, 2048, 2049, 2053, 2054, 2055, 2056, 2060, 2061, 2062, 2063, 2067, 2068, 2069, 2076, 2080, 2081, 2082, 2089, 2093, 2094, 2095, 2096, 2100, 2101, 2102, 2103, 2107, 2108, 2109, 2115, 2116, 2120, 2121, 2125, 2129, 2157, 2167, 2168, 2169, 2173, 2174, 2175, 2176, 2180, 2181, 2182, 2183, 2211, 2212], "summary": {"covered_lines": 75, "num_statements": 102, "percent_covered": 73.6842105263158, "percent_covered_display": "74", "missing_lines": 27, "excluded_lines": 0, "num_branches": 50, "num_partial_branches": 9, "covered_branches": 37, "missing_branches": 13}, "missing_lines": [1980, 1983, 1986, 1997, 2008, 2019, 2130, 2131, 2132, 2133, 2134, 2135, 2143, 2144, 2153, 2158, 2159, 2163, 2187, 2188, 2190, 2192, 2193, 2195, 2197, 2204, 2205], "excluded_lines": [], "executed_branches": [[1961, 1962], [1961, 1964], [1979, 1982], [1982, 1985], [1985, 1996], [1996, 2007], [2007, 2018], [2018, 2029], [2034, 2035], [2034, 2041], [2041, 2042], [2041, 2053], [2047, 2048], [2047, 2049], [2053, 2054], [2053, 2060], [2060, 2061], [2060, 2067], [2067, 2068], [2067, 2080], [2080, 2081], [2080, 2093], [2093, 2094], [2093, 2100], [2100, 2101], [2100, 2107], [2107, 2108], [2107, 2120], [2120, 2121], [2120, 2129], [2129, 2157], [2157, 2167], [2167, 2168], [2167, 2173], [2173, 2174], [2173, 2180], [2180, 2181]], "missing_branches": [[1979, 1980], [1982, 1983], [1985, 1986], [1996, 1997], [2007, 2008], [2018, 2019], [2129, 2130], [2134, 2135], [2134, 2143], [2157, 2158], [2180, 2187], [2193, 2195], [2193, 2197]]}, "call_tool._repo_path_error": {"executed_lines": [], "summary": {"covered_lines": 0, "num_statements": 1, "percent_covered": 0.0, "percent_covered_display": "0", "missing_lines": 1, "excluded_lines": 0, "num_branches": 0, "num_partial_branches": 0, "covered_branches": 0, "missing_branches": 0}, "missing_lines": [1965], "excluded_lines": [], "executed_branches": [], "missing_branches": []}, "handle_sse": {"executed_lines": [2239, 2240, 2241, 2242], "summary": {"covered_lines": 4, "num_statements": 4, "percent_covered": 100.0, "percent_covered_display": "100", "missing_lines": 0, "excluded_lines": 0, "num_branches": 0, "num_partial_branches": 0, "covered_branches": 0, "missing_branches": 0}, "missing_lines": [], "excluded_lines": [], "executed_branches": [], "missing_branches": []}, "handle_post_message": {"executed_lines": [2253], "summary": {"covered_lines": 1, "num_statements": 1, "percent_covered": 100.0, "percent_covered_display": "100", "missing_lines": 0, "excluded_lines": 0, "num_branches": 0, "num_partial_branches": 0, "covered_branches": 0, "missing_branches": 0}, "missing_lines": [], "excluded_lines": [], "executed_branches": [], "missing_branches": []}, "": {"executed_lines": [1, 25, 26, 27, 28, 29, 30, 31, 32, 33, 34, 35, 36, 45, 47, 48, 49, 50, 51, 52, 53, 54, 55, 56, 57, 58, 59, 62, 65, 66, 68, 70, 71, 79, 80, 81, 82, 84, 85, 86, 90, 94, 98, 103, 105, 118, 142, 146, 165, 169, 174, 182, 186, 190, 194, 201, 205, 209, 218, 227, 248, 281, 301, 321, 326, 418, 433, 440, 447, 454, 461, 467, 474, 491, 546, 606, 631, 675, 676, 679, 682, 683, 686, 687, 691, 696, 697, 700, 701, 702, 707, 708, 711, 712, 714, 715, 718, 719, 720, 721, 722, 724, 725, 728, 729, 730, 734, 738, 743, 744, 747, 748, 750, 751, 754, 755, 757, 758, 761, 762, 763, 764, 769, 770, 773, 774, 776, 777, 780, 781, 782, 783, 784, 788, 793, 794, 797, 798, 803, 804, 807, 809, 810, 813, 814, 816, 817, 820, 821, 823, 824, 827, 828, 829, 830, 831, 832, 833, 834, 835, 836, 837, 838, 839, 840, 841, 843, 856, 876, 898, 920, 965, 1035, 1101, 1123, 1150, 1169, 1224, 1257, 1675, 1765, 1779, 1798, 1811, 1813, 1814, 1918, 1946, 1947, 2220, 2222, 2224, 2244, 2255, 2260, 2262], "summary": {"covered_lines": 179, "num_statements": 181, "percent_covered": 98.36065573770492, "percent_covered_display": "98", "missing_lines": 2, "excluded_lines": 0, "num_branches": 2, "num_partial_branches": 1, "covered_branches": 1, "missing_branches": 1}, "missing_lines": [2264, 2265], "excluded_lines": [], "executed_branches": [[2262, -1]], "missing_branches": [[2262, 2264]]}}, "classes": {"GitStatus": {"executed_lines": [], "summary": {"covered_lines": 0, "num_statements": 0, "percent_covered": 100.0, "percent_covered_display": "100", "missing_lines": 0, "excluded_lines": 0, "num_branches": 0, "num_partial_branches": 0, "covered_branches": 0, "missing_branches": 0}, "missing_lines": [], "excluded_lines": [], "executed_branches": [], "missing_branches": []}, "GitDiff": {"executed_lines": [], "summary": {"covered_lines": 0, "num_statements": 0, "percent_covered": 100.0, "percent_covered_display": "100", "missing_lines": 0, "excluded_lines": 0, "num_branches": 0, "num_partial_branches": 0, "covered_branches": 0, "missing_branches": 0}, "missing_lines": [], "excluded_lines": [], "executed_branches": [], "missing_branches": []}, "GitStageAndCommit": {"executed_lines": [], "summary": {"covered_lines": 0, "num_statements": 0, "percent_covered": 100.0, "percent_covered_display": "100", "missing_lines": 0, "excluded_lines": 0, "num_branches": 0, "num_partial_branches": 0, "covered_branches": 0, "missing_branches": 0}, "missing_lines": [], "excluded_lines": [], "executed_branches": [], "missing_branches": []}, "GitLog": {"executed_lines": [], "summary": {"covered_lines": 0, "num_statements": 0, "percent_covered": 100.0, "percent_covered_display": "100", "missing_lines": 0, "excluded_lines": 0, "num_branches": 0, "num_partial_branches": 0, "covered_branches": 0, "missing_branches": 0}, "missing_lines": [], "excluded_lines": [], "executed_branches": [], "missing_branches": []}, "GitBranch": {"executed_lines": [], "summary": {"covered_lines": 0, "num_statements": 0, "percent_covered": 100.0, "percent_covered_display": "100", "missing_lines": 0, "excluded_lines": 0, "num_branches": 0, "num_partial_branches": 0, "covered_branches": 0, "missing_branches": 0}, "missing_lines": [], "excluded_lines": [], "executed_branches": [], "missing_branches": []}, "GitShow": {"executed_lines": [], "summary": {"covered_lines": 0, "num_statements": 0, "percent_covered": 100.0, "percent_covered_display": "100", "missing_lines": 0, "excluded_lines": 0, "num_branches": 0, "num_partial_branches": 0, "covered_branches": 0, "missing_branches": 0}, "missing_lines": [], "excluded_lines": [], "executed_branches": [], "missing_branches": []}, "GitApplyDiff": {"executed_lines": [], "summary": {"covered_lines": 0, "num_statements": 0, "percent_covered": 100.0, "percent_covered_display": "100", "missing_lines": 0, "excluded_lines": 0, "num_branches": 0, "num_partial_branches": 0, "covered_branches": 0, "missing_branches": 0}, "missing_lines": [], "excluded_lines": [], "executed_branches": [], "missing_branches": []}, "GitReadFile": {"executed_lines": [], "summary": {"covered_lines": 0, "num_statements": 0, "percent_covered": 100.0, "percent_covered_display": "100", "missing_lines": 0, "excluded_lines": 0, "num_branches": 0, "num_partial_branches": 0, "covered_branches": 0, "missing_branches": 0}, "missing_lines": [], "excluded_lines": [], "executed_branches": [], "missing_branches": []}, "WriteToFile": {"executed_lines": [], "summary": {"covered_lines": 0, "num_statements": 0, "percent_covered": 100.0, "percent_covered_display": "100", "missing_lines": 0, "excluded_lines": 0, "num_branches": 0, "num_partial_branches": 0, "covered_branches": 0, "missing_branches": 0}, "missing_lines": [], "excluded_lines": [], "executed_branches": [], "missing_branches": []}, "ExecuteCommand": {"executed_lines": [], "summary": {"covered_lines": 0, "num_statements": 0, "percent_covered": 100.0, "percent_covered_display": "100", "missing_lines": 0, "excluded_lines": 0, "num_branches": 0, "num_partial_branches": 0, "covered_branches": 0, "missing_branches": 0}, "missing_lines": [], "excluded_lines": [], "executed_branches": [], "missing_branches": []}, "AiEdit": {"executed_lines": [], "summary": {"covered_lines": 0, "num_statements": 0, "percent_covered": 100.0, "percent_covered_display": "100", "missing_lines": 0, "excluded_lines": 0, "num_branches": 0, "num_partial_branches": 0, "covered_branches": 0, "missing_branches": 0}, "missing_lines": [], "excluded_lines": [], "executed_branches": [], "missing_branches": []}, "AiderStatus": {"executed_lines": [], "summary": {"covered_lines": 0, "num_statements": 0, "percent_covered": 100.0, "percent_covered_display": "100", "missing_lines": 0, "excluded_lines": 0, "num_branches": 0, "num_partial_branches": 0, "covered_branches": 0, "missing_branches": 0}, "missing_lines": [], "excluded_lines": [], "executed_branches": [], "missing_branches": []}, "AiSessionList": {"executed_lines": [], "summary": {"covered_lines": 0, "num_statements": 0, "percent_covered": 100.0, "percent_covered_display": "100", "missing_lines": 0, "excluded_lines": 0, "num_branches": 0, "num_partial_branches": 0, "covered_branches": 0, "missing_branches": 0}, "missing_lines": [], "excluded_lines": [], "executed_branches": [], "missing_branches": []}, "AiSessionStatus": {"executed_lines": [], "summary": {"covered_lines": 0, "num_statements": 0, "percent_covered": 100.0, "percent_covered_display": "100", "missing_lines": 0, "excluded_lines": 0, "num_branches": 0, "num_partial_branches": 0, "covered_branches": 0, "missing_branches": 0}, "missing_lines": [], "excluded_lines": [], "executed_branches": [], "missing_branches": []}, "AiSessionResume": {"executed_lines": [], "summary": {"covered_lines": 0, "num_statements": 0, "percent_covered": 100.0, "percent_covered_display": "100", "missing_lines": 0, "excluded_lines": 0, "num_branches": 0, "num_partial_branches": 0, "covered_branches": 0, "missing_branches": 0}, "missing_lines": [], "excluded_lines": [], "executed_branches": [], "missing_branches": []}, "GitTools": {"executed_lines": [], "summary": {"covered_lines": 0, "num_statements": 0, "percent_covered": 100.0, "percent_covered_display": "100", "missing_lines": 0, "excluded_lines": 0, "num_branches": 0, "num_partial_branches": 0, "covered_branches": 0, "missing_branches": 0}, "missing_lines": [], "excluded_lines": [], "executed_branches": [], "missing_branches": []}, "": {"executed_lines": [1, 25, 26, 27, 28, 29, 30, 31, 32, 33, 34, 35, 36, 45, 47, 48, 49, 50, 51, 52, 53, 54, 55, 56, 57, 58, 59, 62, 65, 66, 68, 70, 71, 79, 80, 81, 82, 84, 85, 86, 90, 92, 94, 96, 98, 100, 103, 105, 107, 108, 109, 111, 112, 113, 118, 120, 121, 123, 125, 126, 127, 129, 130, 142, 144, 146, 148, 161, 162, 163, 165, 166, 167, 169, 171, 172, 174, 176, 177, 178, 179, 180, 182, 183, 184, 186, 188, 190, 191, 192, 194, 196, 197, 198, 199, 201, 202, 203, 205, 207, 209, 211, 212, 216, 218, 227, 248, 281, 283, 284, 285, 286, 287, 301, 303, 304, 305, 307, 308, 310, 313, 314, 316, 317, 321, 322, 323, 326, 331, 332, 333, 334, 418, 419, 420, 421, 423, 425, 426, 427, 428, 433, 434, 440, 441, 447, 448, 454, 461, 467, 474, 484, 485, 486, 487, 488, 489, 491, 503, 504, 505, 507, 509, 510, 511, 512, 514, 515, 516, 517, 518, 519, 521, 522, 523, 524, 526, 527, 528, 529, 532, 533, 534, 535, 536, 537, 538, 539, 540, 541, 543, 544, 546, 558, 559, 560, 562, 564, 565, 566, 567, 569, 570, 571, 572, 573, 574, 576, 577, 578, 579, 581, 582, 583, 584, 587, 588, 589, 590, 591, 592, 593, 594, 595, 596, 597, 598, 599, 600, 601, 603, 604, 606, 617, 624, 625, 627, 629, 631, 647, 649, 650, 651, 653, 654, 655, 657, 659, 660, 661, 662, 664, 665, 666, 668, 670, 671, 673, 675, 676, 679, 682, 683, 686, 687, 691, 696, 697, 700, 701, 702, 707, 708, 711, 712, 714, 715, 718, 719, 720, 721, 722, 724, 725, 728, 729, 730, 734, 738, 743, 744, 747, 748, 750, 751, 754, 755, 757, 758, 761, 762, 763, 764, 769, 770, 773, 774, 776, 777, 780, 781, 782, 783, 784, 788, 793, 794, 797, 798, 803, 804, 807, 809, 810, 813, 814, 816, 817, 820, 821, 823, 824, 827, 828, 829, 830, 831, 832, 833, 834, 835, 836, 837, 838, 839, 840, 841, 843, 853, 856, 871, 872, 873, 874, 876, 888, 892, 893, 895, 896, 898, 909, 910, 911, 912, 918, 920, 928, 929, 931, 932, 933, 935, 936, 937, 938, 940, 941, 942, 943, 945, 947, 948, 949, 950, 951, 952, 956, 957, 958, 960, 961, 965, 980, 982, 985, 986, 987, 988, 991, 994, 997, 1000, 1006, 1009, 1010, 1013, 1014, 1015, 1017, 1019, 1020, 1021, 1022, 1023, 1024, 1027, 1030, 1031, 1033, 1035, 1049, 1050, 1051, 1054, 1055, 1056, 1058, 1059, 1062, 1064, 1065, 1066, 1067, 1068, 1070, 1071, 1072, 1073, 1075, 1083, 1085, 1086, 1087, 1089, 1090, 1092, 1093, 1094, 1095, 1096, 1098, 1099, 1101, 1113, 1114, 1115, 1116, 1117, 1118, 1119, 1120, 1121, 1123, 1136, 1144, 1147, 1148, 1150, 1161, 1162, 1163, 1164, 1165, 1166, 1169, 1184, 1185, 1188, 1189, 1190, 1192, 1193, 1194, 1195, 1197, 1198, 1199, 1201, 1202, 1204, 1205, 1206, 1208, 1209, 1210, 1212, 1213, 1214, 1216, 1218, 1220, 1221, 1222, 1224, 1236, 1237, 1243, 1245, 1246, 1247, 1248, 1249, 1250, 1251, 1253, 1254, 1255, 1257, 1273, 1275, 1276, 1277, 1279, 1280, 1284, 1293, 1299, 1300, 1301, 1309, 1311, 1312, 1329, 1330, 1331, 1335, 1339, 1341, 1342, 1343, 1344, 1350, 1351, 1352, 1357, 1358, 1359, 1360, 1361, 1362, 1369, 1370, 1371, 1372, 1373, 1374, 1377, 1378, 1381, 1383, 1384, 1390, 1392, 1398, 1401, 1404, 1406, 1408, 1411, 1412, 1413, 1415, 1416, 1417, 1419, 1425, 1426, 1427, 1428, 1429, 1431, 1432, 1433, 1434, 1435, 1436, 1441, 1445, 1446, 1447, 1448, 1449, 1450, 1451, 1452, 1453, 1454, 1457, 1458, 1459, 1461, 1462, 1467, 1469, 1470, 1472, 1474, 1482, 1483, 1484, 1487, 1489, 1495, 1496, 1502, 1503, 1505, 1510, 1511, 1512, 1513, 1517, 1519, 1520, 1522, 1523, 1526, 1527, 1528, 1529, 1534, 1535, 1536, 1539, 1540, 1544, 1545, 1547, 1562, 1563, 1564, 1568, 1570, 1571, 1585, 1586, 1587, 1589, 1593, 1596, 1597, 1599, 1600, 1602, 1608, 1609, 1622, 1631, 1632, 1633, 1634, 1639, 1640, 1643, 1644, 1645, 1646, 1648, 1649, 1658, 1659, 1660, 1663, 1664, 1668, 1669, 1673, 1675, 1765, 1775, 1776, 1777, 1779, 1790, 1791, 1792, 1793, 1794, 1798, 1809, 1811, 1813, 1814, 1822, 1918, 1926, 1927, 1930, 1932, 1933, 1934, 1935, 1936, 1937, 1938, 1939, 1940, 1941, 1942, 1944, 1946, 1947, 1960, 1961, 1962, 1964, 1975, 1979, 1982, 1985, 1996, 2007, 2018, 2029, 2031, 2032, 2033, 2034, 2035, 2036, 2037, 2041, 2042, 2043, 2044, 2045, 2046, 2047, 2048, 2049, 2053, 2054, 2055, 2056, 2060, 2061, 2062, 2063, 2067, 2068, 2069, 2076, 2080, 2081, 2082, 2089, 2093, 2094, 2095, 2096, 2100, 2101, 2102, 2103, 2107, 2108, 2109, 2115, 2116, 2120, 2121, 2125, 2129, 2157, 2167, 2168, 2169, 2173, 2174, 2175, 2176, 2180, 2181, 2182, 2183, 2211, 2212, 2220, 2222, 2224, 2239, 2240, 2241, 2242, 2244, 2253, 2255, 2260, 2262], "summary": {"covered_lines": 783, "num_statements": 1065, "percent_covered": 71.34629229661627, "percent_covered_display": "71", "missing_lines": 282, "excluded_lines": 0, "num_branches": 324, "num_partial_branches": 50, "covered_branches": 208, "missing_branches": 116}, "missing_lines": [114, 115, 116, 131, 133, 134, 135, 136, 137, 138, 139, 140, 220, 221, 222, 223, 224, 225, 229, 231, 237, 238, 239, 241, 242, 243, 244, 245, 246, 250, 252, 253, 255, 261, 263, 264, 266, 268, 269, 270, 271, 272, 274, 275, 276, 277, 278, 279, 289, 290, 291, 292, 293, 294, 295, 296, 297, 298, 299, 311, 318, 319, 335, 338, 339, 340, 347, 353, 354, 355, 356, 357, 360, 361, 362, 363, 364, 366, 368, 369, 371, 373, 374, 375, 378, 379, 381, 384, 385, 386, 387, 390, 394, 395, 399, 400, 401, 402, 405, 408, 410, 412, 413, 414, 422, 424, 455, 462, 468, 889, 890, 930, 939, 944, 946, 953, 954, 963, 992, 1026, 1060, 1145, 1281, 1282, 1285, 1290, 1291, 1302, 1303, 1304, 1305, 1306, 1313, 1314, 1315, 1316, 1317, 1318, 1319, 1320, 1322, 1324, 1325, 1326, 1327, 1332, 1333, 1353, 1354, 1363, 1364, 1375, 1376, 1393, 1394, 1437, 1438, 1439, 1455, 1456, 1497, 1498, 1499, 1500, 1506, 1507, 1514, 1515, 1530, 1531, 1537, 1538, 1548, 1549, 1551, 1552, 1553, 1554, 1555, 1556, 1557, 1558, 1565, 1566, 1572, 1573, 1574, 1575, 1576, 1577, 1578, 1579, 1580, 1581, 1582, 1583, 1590, 1603, 1604, 1605, 1606, 1624, 1626, 1627, 1628, 1635, 1636, 1650, 1651, 1652, 1653, 1654, 1655, 1665, 1666, 1671, 1694, 1696, 1698, 1700, 1701, 1702, 1704, 1705, 1707, 1713, 1714, 1719, 1720, 1725, 1726, 1727, 1729, 1731, 1732, 1733, 1735, 1736, 1737, 1739, 1740, 1741, 1743, 1745, 1746, 1747, 1749, 1759, 1761, 1762, 1763, 1796, 1965, 1980, 1983, 1986, 1997, 2008, 2019, 2130, 2131, 2132, 2133, 2134, 2135, 2143, 2144, 2153, 2158, 2159, 2163, 2187, 2188, 2190, 2192, 2193, 2195, 2197, 2204, 2205, 2264, 2265], "excluded_lines": [], "executed_branches": [[108, 109], [108, 111], [177, 178], [197, 198], [283, -281], [283, 284], [287, 283], [307, 308], [307, 316], [308, 307], [308, 310], [310, 313], [316, -301], [316, 317], [333, 334], [421, 423], [423, 425], [425, 426], [485, 486], [485, 489], [486, 487], [486, 488], [510, 511], [515, 516], [515, 521], [517, 518], [521, 522], [521, 526], [523, 524], [527, 528], [527, 532], [532, 533], [532, 543], [537, 532], [537, 538], [565, 566], [570, 571], [570, 576], [572, 573], [576, 577], [576, 581], [578, 579], [582, 583], [582, 587], [587, 588], [587, 603], [591, 587], [591, 592], [593, 594], [593, 595], [624, 625], [624, 627], [649, 650], [649, 668], [650, 651], [650, 668], [653, 654], [653, 659], [654, 655], [654, 657], [659, 660], [659, 664], [660, 650], [660, 661], [664, 650], [664, 665], [670, 671], [670, 673], [872, 873], [872, 874], [888, 892], [911, 912], [911, 918], [928, 929], [928, 937], [929, 931], [931, 932], [931, 935], [937, 938], [937, 942], [938, 940], [942, 943], [942, 949], [943, 945], [945, 947], [949, 950], [956, 957], [956, 961], [957, 958], [957, 960], [980, 982], [980, 997], [985, 986], [985, 987], [987, 988], [987, 991], [991, 994], [1009, 1010], [1009, 1013], [1013, 1014], [1013, 1017], [1020, 1021], [1020, 1027], [1022, 1023], [1023, 1024], [1030, 1031], [1030, 1033], [1055, 1056], [1055, 1058], [1059, 1062], [1064, 1065], [1064, 1070], [1066, 1067], [1066, 1070], [1085, 1086], [1085, 1092], [1144, 1147], [1162, 1163], [1162, 1166], [1189, 1190], [1189, 1192], [1193, 1194], [1193, 1197], [1208, 1209], [1208, 1212], [1213, 1214], [1213, 1216], [1246, 1247], [1246, 1248], [1248, 1249], [1248, 1250], [1250, 1251], [1250, 1253], [1280, 1284], [1284, 1293], [1299, 1300], [1301, 1309], [1312, 1329], [1330, 1331], [1330, 1335], [1331, 1330], [1341, 1342], [1341, 1350], [1343, 1341], [1343, 1344], [1411, 1412], [1411, 1441], [1417, 1419], [1426, 1427], [1426, 1429], [1496, 1502], [1505, 1510], [1511, 1512], [1511, 1517], [1517, 1519], [1571, 1585], [1586, 1587], [1586, 1589], [1589, 1593], [1599, 1600], [1599, 1602], [1632, 1633], [1643, 1644], [1643, 1658], [1669, 1673], [1793, 1794], [1927, 1930], [1927, 1932], [1935, 1936], [1935, 1942], [1961, 1962], [1961, 1964], [1979, 1982], [1982, 1985], [1985, 1996], [1996, 2007], [2007, 2018], [2018, 2029], [2034, 2035], [2034, 2041], [2041, 2042], [2041, 2053], [2047, 2048], [2047, 2049], [2053, 2054], [2053, 2060], [2060, 2061], [2060, 2067], [2067, 2068], [2067, 2080], [2080, 2081], [2080, 2093], [2093, 2094], [2093, 2100], [2100, 2101], [2100, 2107], [2107, 2108], [2107, 2120], [2120, 2121], [2120, 2129], [2129, 2157], [2157, 2167], [2167, 2168], [2167, 2173], [2173, 2174], [2173, 2180], [2180, 2181], [2262, -1]], "missing_branches": [[134, 135], [134, 138], [177, -174], [197, -194], [242, -227], [242, 243], [252, 253], [252, 255], [263, 264], [263, 266], [268, -248], [268, 269], [275, -248], [275, 276], [287, 289], [295, 283], [295, 296], [310, 311], [333, 335], [354, 355], [354, 360], [355, 354], [355, 356], [360, 361], [360, 366], [361, 362], [361, 366], [362, 361], [362, 363], [371, 373], [371, 394], [373, 374], [373, 378], [378, 379], [378, 381], [384, 385], [384, 386], [386, 387], [386, 390], [394, 395], [394, 399], [399, 400], [399, 405], [401, 402], [401, 405], [421, 422], [423, 424], [425, 427], [510, 514], [517, 521], [523, 526], [565, 569], [572, 576], [578, 581], [888, 889], [929, 930], [938, 939], [943, 944], [945, 946], [949, 963], [991, 992], [1022, 1020], [1023, 1026], [1059, 1060], [1144, 1145], [1280, 1281], [1284, 1285], [1299, 1309], [1301, 1302], [1312, 1313], [1313, 1314], [1313, 1329], [1314, 1315], [1314, 1325], [1315, 1316], [1315, 1324], [1317, 1318], [1317, 1319], [1319, 1320], [1319, 1322], [1325, 1313], [1325, 1326], [1331, 1332], [1417, 1429], [1496, 1497], [1505, 1506], [1517, 1624], [1571, 1572], [1573, 1574], [1573, 1585], [1576, 1573], [1576, 1577], [1589, 1590], [1632, 1639], [1669, 1671], [1725, 1726], [1725, 1743], [1743, 1745], [1743, 1759], [1746, 1747], [1746, 1749], [1793, 1796], [1979, 1980], [1982, 1983], [1985, 1986], [1996, 1997], [2007, 2008], [2018, 2019], [2129, 2130], [2134, 2135], [2134, 2143], [2157, 2158], [2180, 2187], [2193, 2195], [2193, 2197], [2262, 2264]]}}}}, "totals": {"covered_lines": 823, "num_statements": 1142, "percent_covered": 69.65006729475101, "percent_covered_display": "70", "missing_lines": 319, "excluded_lines": 0, "num_branches": 344, "num_partial_branches": 52, "covered_branches": 212, "missing_branches": 132}}